<?xml version="1.0" encoding="UTF-8"?>
<!-- Generated by org.testng.reporters.JUnitReportReporter -->
<testsuite hostname="DESKTOP-K54VKPM" failures="0" tests="3" name="TestNGBasics.WorkingWithTestNg" time="0.012" errors="0" timestamp="2023-06-01T12:18:33 IST" skipped="0">
  <testcase classname="TestNGBasics.WorkingWithTestNg" name="Demo" time="0.003"/>
  <system-out/>
  <testcase classname="TestNGBasics.WorkingWithTestNg" name="Demo1" time="0.007"/>
  <system-out/>
  <testcase classname="TestNGBasics.WorkingWithTestNg" name="Demo2" time="0.002"/>
  <system-out/>
</testsuite> <!-- TestNGBasics.WorkingWithTestNg -->
