<?xml version="1.0" encoding="UTF-8"?>
<!-- Generated by org.testng.reporters.JUnitReportReporter -->
<testsuite hostname="DESKTOP-K54VKPM" failures="0" tests="1" name="TestNGBasics.WorkingWith_DataProvider" time="0.000" errors="0" timestamp="2023-06-09T12:35:40 IST" skipped="1">
  <testcase classname="TestNGBasics.WorkingWith_DataProvider" name="dataDemo" time="0.000">
    <skipped/>
  </testcase> <!-- dataDemo -->
  <system-out/>
</testsuite> <!-- TestNGBasics.WorkingWith_DataProvider -->
