<?xml version="1.0" encoding="UTF-8"?>
<!-- Generated by org.testng.reporters.JUnitReportReporter -->
<testsuite hostname="DESKTOP-K54VKPM" failures="0" tests="3" name="TestCases.SubscribeTestCase" time="3.586" errors="0" timestamp="2023-06-13T09:13:07 IST" skipped="0">
  <testcase classname="TestCases.SubscribeTestCase" name="demo" time="0.823"/>
  <system-out/>
  <testcase classname="TestCases.SubscribeTestCase" name="demo" time="1.070"/>
  <system-out/>
  <testcase classname="TestCases.SubscribeTestCase" name="demo" time="1.693"/>
  <system-out/>
</testsuite> <!-- TestCases.SubscribeTestCase -->
