<?xml version="1.0" encoding="UTF-8"?>
<!-- Generated by org.testng.reporters.JUnitReportReporter -->
<testsuite hostname="DESKTOP-K54VKPM" failures="0" tests="1" name="TestCases.DemoWebShop_Electronics_TestCase" time="1.943" errors="0" timestamp="2023-06-13T09:13:07 IST" skipped="0">
  <testcase classname="TestCases.DemoWebShop_Electronics_TestCase" name="elctronics" time="1.943"/>
  <system-out/>
</testsuite> <!-- TestCases.DemoWebShop_Electronics_TestCase -->
