<?xml version="1.0" encoding="UTF-8"?>
<!-- Generated by org.testng.reporters.JUnitReportReporter -->
<testsuite hostname="DESKTOP-K54VKPM" failures="0" tests="1" name="TestCases.DemoWebShop_FollowUs_TestCase" time="0.156" errors="0" timestamp="2023-06-13T09:13:07 IST" skipped="0">
  <testcase classname="TestCases.DemoWebShop_FollowUs_TestCase" name="followUs" time="0.156"/>
  <system-out/>
</testsuite> <!-- TestCases.DemoWebShop_FollowUs_TestCase -->
