<?xml version="1.0" encoding="UTF-8"?>
<!-- Generated by org.testng.reporters.JUnitReportReporter -->
<testsuite hostname="DESKTOP-K54VKPM" failures="0" tests="4" name="TestCases.DemoWebShop_Register_TestCase" time="11.008" errors="0" timestamp="2023-06-13T09:13:07 IST" skipped="0">
  <testcase classname="TestCases.DemoWebShop_Register_TestCase" name="register" time="2.746"/>
  <system-out/>
  <testcase classname="TestCases.DemoWebShop_Register_TestCase" name="register" time="2.768"/>
  <system-out/>
  <testcase classname="TestCases.DemoWebShop_Register_TestCase" name="register" time="2.946"/>
  <system-out/>
  <testcase classname="TestCases.DemoWebShop_Register_TestCase" name="register" time="2.548"/>
  <system-out/>
</testsuite> <!-- TestCases.DemoWebShop_Register_TestCase -->
