<?xml version="1.0" encoding="UTF-8"?>
<!-- Generated by org.testng.reporters.JUnitReportReporter -->
<testsuite hostname="DESKTOP-K54VKPM" failures="0" tests="3" name="TestCases.SearchBoxTestCase" time="3.135" errors="0" timestamp="2023-06-13T09:13:07 IST" skipped="0">
  <testcase classname="TestCases.SearchBoxTestCase" name="demo" time="0.997"/>
  <system-out/>
  <testcase classname="TestCases.SearchBoxTestCase" name="demo" time="0.999"/>
  <system-out/>
  <testcase classname="TestCases.SearchBoxTestCase" name="demo" time="1.139"/>
  <system-out/>
</testsuite> <!-- TestCases.SearchBoxTestCase -->
