<?xml version="1.0" encoding="UTF-8"?>
<!-- Generated by org.testng.reporters.JUnitReportReporter -->
<testsuite hostname="DESKTOP-K54VKPM" failures="0" tests="2" name="TestCases.DemoWebShopLoginTestCase" time="5.627" errors="0" timestamp="2023-06-13T09:13:07 IST" skipped="0">
  <testcase classname="TestCases.DemoWebShopLoginTestCase" name="login" time="2.802"/>
  <system-out/>
  <testcase classname="TestCases.DemoWebShopLoginTestCase" name="login" time="2.825"/>
  <system-out/>
</testsuite> <!-- TestCases.DemoWebShopLoginTestCase -->
