<?xml version="1.0" encoding="UTF-8"?>
<!-- Generated by org.testng.reporters.JUnitReportReporter -->
<testsuite hostname="DESKTOP-K54VKPM" failures="0" tests="10" name="TestNGBasics.WorkingWithThreadPoolSize" time="167.545" errors="0" timestamp="2023-06-01T12:18:33 IST" skipped="0">
  <testcase classname="TestNGBasics.WorkingWithThreadPoolSize" name="DemoWebShop" time="14.350"/>
  <system-out/>
  <testcase classname="TestNGBasics.WorkingWithThreadPoolSize" name="DemoWebShop" time="7.913"/>
  <system-out/>
  <testcase classname="TestNGBasics.WorkingWithThreadPoolSize" name="DemoWebShop" time="25.856"/>
  <system-out/>
  <testcase classname="TestNGBasics.WorkingWithThreadPoolSize" name="DemoWebShop" time="17.872"/>
  <system-out/>
  <testcase classname="TestNGBasics.WorkingWithThreadPoolSize" name="DemoWebShop" time="8.215"/>
  <system-out/>
  <testcase classname="TestNGBasics.WorkingWithThreadPoolSize" name="DemoWebShop" time="18.350"/>
  <system-out/>
  <testcase classname="TestNGBasics.WorkingWithThreadPoolSize" name="DemoWebShop" time="11.607"/>
  <system-out/>
  <testcase classname="TestNGBasics.WorkingWithThreadPoolSize" name="DemoWebShop" time="15.204"/>
  <system-out/>
  <testcase classname="TestNGBasics.WorkingWithThreadPoolSize" name="DemoWebShop" time="21.877"/>
  <system-out/>
  <testcase classname="TestNGBasics.WorkingWithThreadPoolSize" name="DemoWebShop" time="26.301"/>
  <system-out/>
</testsuite> <!-- TestNGBasics.WorkingWithThreadPoolSize -->
