<?xml version="1.0" encoding="UTF-8"?>
<!-- Generated by org.testng.reporters.JUnitReportReporter -->
<testsuite hostname="DESKTOP-K54VKPM" failures="0" tests="2" name="TestNGBasics.ConfigurationAnnotations" time="0.018" errors="0" timestamp="2023-06-01T16:51:07 IST" skipped="0">
  <testcase classname="TestNGBasics.ConfigurationAnnotations" name="demoTest" time="0.011"/>
  <system-out/>
  <testcase classname="TestNGBasics.ConfigurationAnnotations" name="demotest2" time="0.007"/>
  <system-out/>
</testsuite> <!-- TestNGBasics.ConfigurationAnnotations -->
