<?xml version="1.0" encoding="UTF-8"?>
<!-- Generated by org.testng.reporters.JUnitReportReporter -->
<testsuite hostname="DESKTOP-K54VKPM" failures="0" tests="1" name="TestNGBasics.WorkingWith_OrderOfExecution" time="0.003" errors="0" timestamp="2023-06-01T12:18:33 IST" skipped="0">
  <testcase classname="TestNGBasics.WorkingWith_OrderOfExecution" name="search" time="0.003"/>
  <system-out/>
</testsuite> <!-- TestNGBasics.WorkingWith_OrderOfExecution -->
