<?xml version="1.0" encoding="UTF-8"?>
<!-- Generated by org.testng.reporters.JUnitReportReporter -->
<testsuite hostname="DESKTOP-K54VKPM" failures="0" tests="1" name="TestNGBasics.Working_with_parameters" time="7.887" errors="0" timestamp="2023-06-02T12:36:50 IST" skipped="0">
  <testcase classname="TestNGBasics.Working_with_parameters" name="parameter_demo" time="7.887"/>
  <system-out/>
</testsuite> <!-- TestNGBasics.Working_with_parameters -->
